<?xml version="1.0" encoding="UTF-8"?>
<testng-results skipped="0" failed="0" ignored="0" total="1" passed="1">
  <reporter-output>
  </reporter-output>
  <suite name="Default suite" duration-ms="63" started-at="2020-04-25T10:54:58 IST" finished-at="2020-04-25T10:54:58 IST">
    <groups>
    </groups>
    <test name="Default test" duration-ms="63" started-at="2020-04-25T10:54:58 IST" finished-at="2020-04-25T10:54:58 IST">
      <class name="Test.NewTest">
        <test-method status="PASS" signature="f()[pri:0, instance:Test.NewTest@7791a895]" name="f" duration-ms="11" started-at="2020-04-25T10:54:58 IST" finished-at="2020-04-25T10:54:58 IST">
          <reporter-output>
          </reporter-output>
        </test-method> <!-- f -->
      </class> <!-- Test.NewTest -->
    </test> <!-- Default test -->
  </suite> <!-- Default suite -->
</testng-results>
